<?xml version="1.0" encoding="UTF-8"?>
<!-- Generated by org.testng.reporters.JUnitReportReporter -->
<testsuite hostname="LAPTOP-NK4S4G29" failures="0" tests="1" name="TestCases.NewTest" time="0.015" errors="0" timestamp="2022-06-19T21:06:45 IST" skipped="0">
  <testcase classname="TestCases.NewTest" name="f" time="0.015"/>
</testsuite> <!-- TestCases.NewTest -->
