<?xml version="1.0" encoding="UTF-8"?>
<!-- Generated by org.testng.reporters.JUnitReportReporter -->
<testsuite hostname="LAPTOP-NK4S4G29" failures="0" tests="1" name="TestCases.error" time="3.113" errors="0" timestamp="2022-06-21T13:02:45 IST" skipped="0">
  <testcase classname="TestCases.error" name="letsSee" time="3.113"/>
</testsuite> <!-- TestCases.error -->
