<?xml version="1.0" encoding="UTF-8"?>
<!-- Generated by org.testng.reporters.JUnitReportReporter -->
<testsuite hostname="LAPTOP-NK4S4G29" failures="0" tests="1" name="TestCases.actionsClassPageDashboardTest" time="19.258" errors="0" timestamp="2022-06-20T20:35:50 IST" skipped="0">
  <testcase classname="TestCases.actionsClassPageDashboardTest" name="actionsClassTest" time="19.258"/>
</testsuite> <!-- TestCases.actionsClassPageDashboardTest -->
