<?xml version="1.0" encoding="UTF-8"?>
<!-- Generated by org.testng.reporters.JUnitReportReporter -->
<testsuite hostname="LAPTOP-NK4S4G29" failures="0" tests="1" name="TestCases.extentReports" time="0.115" errors="0" timestamp="2022-06-19T11:53:14 IST" skipped="0">
  <testcase classname="TestCases.extentReports" name="demo" time="0.115"/>
</testsuite> <!-- TestCases.extentReports -->
