<?xml version="1.0" encoding="UTF-8"?>
<!-- Generated by org.testng.reporters.JUnitReportReporter -->
<testsuite hostname="LAPTOP-NK4S4G29" failures="0" tests="2" name="TestCases.loginTestCases" time="4.674" errors="0" timestamp="2022-06-28T22:01:50 IST" skipped="0">
  <testcase classname="TestCases.loginTestCases" name="isTitleDisplayedTest" time="1.588"/>
  <testcase classname="TestCases.loginTestCases" name="isLoginElementDisplayedTest" time="3.086"/>
</testsuite> <!-- TestCases.loginTestCases -->
